This is pdfTeX, Version 3.14159265-2.6-1.40.16 (TeX Live 2015/Debian) (preloaded format=pdflatex 2019.6.19)  19 JUN 2019 12:22
entering extended mode
 restricted \write18 enabled.
 %&-line parsing enabled.
**labdesigner
(./labdesigner.tex
LaTeX2e <2016/02/01>
Babel <3.9q> and hyphenation patterns for 3 language(s) loaded.
(/usr/share/texlive/texmf-dist/tex/latex/base/article.cls
Document Class: article 2014/09/29 v1.4h Standard LaTeX document class
(/usr/share/texlive/texmf-dist/tex/latex/base/size12.clo
File: size12.clo 2014/09/29 v1.4h Standard LaTeX file (size option)
)
\c@part=\count79
\c@section=\count80
\c@subsection=\count81
\c@subsubsection=\count82
\c@paragraph=\count83
\c@subparagraph=\count84
\c@figure=\count85
\c@table=\count86
\abovecaptionskip=\skip41
\belowcaptionskip=\skip42
\bibindent=\dimen102
)
(/usr/share/texlive/texmf-dist/tex/latex/geometry/geometry.sty
Package: geometry 2010/09/12 v5.6 Page Geometry

(/usr/share/texlive/texmf-dist/tex/latex/graphics/keyval.sty
Package: keyval 2014/10/28 v1.15 key=value parser (DPC)
\KV@toks@=\toks14
)
(/usr/share/texlive/texmf-dist/tex/generic/oberdiek/ifpdf.sty
Package: ifpdf 2011/01/30 v2.3 Provides the ifpdf switch (HO)
Package ifpdf Info: pdfTeX in PDF mode is detected.
)
(/usr/share/texlive/texmf-dist/tex/generic/oberdiek/ifvtex.sty
Package: ifvtex 2010/03/01 v1.5 Detect VTeX and its facilities (HO)
Package ifvtex Info: VTeX not detected.
)
(/usr/share/texlive/texmf-dist/tex/generic/ifxetex/ifxetex.sty
Package: ifxetex 2010/09/12 v0.6 Provides ifxetex conditional
)
\Gm@cnth=\count87
\Gm@cntv=\count88
\c@Gm@tempcnt=\count89
\Gm@bindingoffset=\dimen103
\Gm@wd@mp=\dimen104
\Gm@odd@mp=\dimen105
\Gm@even@mp=\dimen106
\Gm@layoutwidth=\dimen107
\Gm@layoutheight=\dimen108
\Gm@layouthoffset=\dimen109
\Gm@layoutvoffset=\dimen110
\Gm@dimlist=\toks15
)
(/usr/share/texlive/texmf-dist/tex/latex/hyperref/hyperref.sty
Package: hyperref 2012/11/06 v6.83m Hypertext links for LaTeX

(/usr/share/texlive/texmf-dist/tex/generic/oberdiek/hobsub-hyperref.sty
Package: hobsub-hyperref 2012/05/28 v1.13 Bundle oberdiek, subset hyperref (HO)


(/usr/share/texlive/texmf-dist/tex/generic/oberdiek/hobsub-generic.sty
Package: hobsub-generic 2012/05/28 v1.13 Bundle oberdiek, subset generic (HO)
Package: hobsub 2012/05/28 v1.13 Construct package bundles (HO)
Package: infwarerr 2010/04/08 v1.3 Providing info/warning/error messages (HO)
Package: ltxcmds 2011/11/09 v1.22 LaTeX kernel commands for general use (HO)
Package: ifluatex 2010/03/01 v1.3 Provides the ifluatex switch (HO)
Package ifluatex Info: LuaTeX not detected.
Package hobsub Info: Skipping package `ifvtex' (already loaded).
Package: intcalc 2007/09/27 v1.1 Expandable calculations with integers (HO)
Package hobsub Info: Skipping package `ifpdf' (already loaded).
Package: etexcmds 2011/02/16 v1.5 Avoid name clashes with e-TeX commands (HO)
Package etexcmds Info: Could not find \expanded.
(etexcmds)             That can mean that you are not using pdfTeX 1.50 or
(etexcmds)             that some package has redefined \expanded.
(etexcmds)             In the latter case, load this package earlier.
Package: kvsetkeys 2012/04/25 v1.16 Key value parser (HO)
Package: kvdefinekeys 2011/04/07 v1.3 Define keys (HO)
Package: pdftexcmds 2011/11/29 v0.20 Utility functions of pdfTeX for LuaTeX (HO
)
Package pdftexcmds Info: LuaTeX not detected.
Package pdftexcmds Info: \pdf@primitive is available.
Package pdftexcmds Info: \pdf@ifprimitive is available.
Package pdftexcmds Info: \pdfdraftmode found.
Package: pdfescape 2011/11/25 v1.13 Implements pdfTeX's escape features (HO)
Package: bigintcalc 2012/04/08 v1.3 Expandable calculations on big integers (HO
)
Package: bitset 2011/01/30 v1.1 Handle bit-vector datatype (HO)
Package: uniquecounter 2011/01/30 v1.2 Provide unlimited unique counter (HO)
)
Package hobsub Info: Skipping package `hobsub' (already loaded).
Package: letltxmacro 2010/09/02 v1.4 Let assignment for LaTeX macros (HO)
Package: hopatch 2012/05/28 v1.2 Wrapper for package hooks (HO)
Package: xcolor-patch 2011/01/30 xcolor patch
Package: atveryend 2011/06/30 v1.8 Hooks at the very end of document (HO)
Package atveryend Info: \enddocument detected (standard20110627).
Package: atbegshi 2011/10/05 v1.16 At begin shipout hook (HO)
Package: refcount 2011/10/16 v3.4 Data extraction from label references (HO)
Package: hycolor 2011/01/30 v1.7 Color options for hyperref/bookmark (HO)
)
(/usr/share/texlive/texmf-dist/tex/latex/oberdiek/auxhook.sty
Package: auxhook 2011/03/04 v1.3 Hooks for auxiliary files (HO)
)
(/usr/share/texlive/texmf-dist/tex/latex/oberdiek/kvoptions.sty
Package: kvoptions 2011/06/30 v3.11 Key value format for package options (HO)
)
\@linkdim=\dimen111
\Hy@linkcounter=\count90
\Hy@pagecounter=\count91

(/usr/share/texlive/texmf-dist/tex/latex/hyperref/pd1enc.def
File: pd1enc.def 2012/11/06 v6.83m Hyperref: PDFDocEncoding definition (HO)
)
\Hy@SavedSpaceFactor=\count92

(/usr/share/texlive/texmf-dist/tex/latex/latexconfig/hyperref.cfg
File: hyperref.cfg 2002/06/06 v1.2 hyperref configuration of TeXLive
)
Package hyperref Info: Option `colorlinks' set `true' on input line 4319.
Package hyperref Info: Hyper figures OFF on input line 4443.
Package hyperref Info: Link nesting OFF on input line 4448.
Package hyperref Info: Hyper index ON on input line 4451.
Package hyperref Info: Plain pages OFF on input line 4458.
Package hyperref Info: Backreferencing OFF on input line 4463.
Package hyperref Info: Implicit mode ON; LaTeX internals redefined.
Package hyperref Info: Bookmarks ON on input line 4688.
\c@Hy@tempcnt=\count93

(/usr/share/texlive/texmf-dist/tex/latex/url/url.sty
\Urlmuskip=\muskip10
Package: url 2013/09/16  ver 3.4  Verb mode for urls, etc.
)
LaTeX Info: Redefining \url on input line 5041.
\XeTeXLinkMargin=\dimen112
\Fld@menulength=\count94
\Field@Width=\dimen113
\Fld@charsize=\dimen114
Package hyperref Info: Hyper figures OFF on input line 6295.
Package hyperref Info: Link nesting OFF on input line 6300.
Package hyperref Info: Hyper index ON on input line 6303.
Package hyperref Info: backreferencing OFF on input line 6310.
Package hyperref Info: Link coloring ON on input line 6313.
Package hyperref Info: Link coloring with OCG OFF on input line 6320.
Package hyperref Info: PDF/A mode OFF on input line 6325.
LaTeX Info: Redefining \ref on input line 6365.
LaTeX Info: Redefining \pageref on input line 6369.
\Hy@abspage=\count95
\c@Item=\count96
\c@Hfootnote=\count97
)

Package hyperref Message: Driver (autodetected): hpdftex.

(/usr/share/texlive/texmf-dist/tex/latex/hyperref/hpdftex.def
File: hpdftex.def 2012/11/06 v6.83m Hyperref driver for pdfTeX
\Fld@listcount=\count98
\c@bookmark@seq@number=\count99

(/usr/share/texlive/texmf-dist/tex/latex/oberdiek/rerunfilecheck.sty
Package: rerunfilecheck 2011/04/15 v1.7 Rerun checks for auxiliary files (HO)
Package uniquecounter Info: New unique counter `rerunfilecheck' on input line 2
82.
)
\Hy@SectionHShift=\skip43
)
(/usr/share/texlive/texmf-dist/tex/latex/oberdiek/bookmark.sty
Package: bookmark 2011/12/02 v1.24 PDF bookmarks (HO)

(/usr/share/texlive/texmf-dist/tex/latex/oberdiek/bkm-pdftex.def
File: bkm-pdftex.def 2011/12/02 v1.24 bookmark driver for pdfTeX (HO)
\BKM@id=\count100
))
(/usr/share/texlive/texmf-dist/tex/latex/graphics/graphicx.sty
Package: graphicx 2014/10/28 v1.0g Enhanced LaTeX Graphics (DPC,SPQR)

(/usr/share/texlive/texmf-dist/tex/latex/graphics/graphics.sty
Package: graphics 2016/01/03 v1.0q Standard LaTeX Graphics (DPC,SPQR)

(/usr/share/texlive/texmf-dist/tex/latex/graphics/trig.sty
Package: trig 2016/01/03 v1.10 sin cos tan (DPC)
)
(/usr/share/texlive/texmf-dist/tex/latex/latexconfig/graphics.cfg
File: graphics.cfg 2010/04/23 v1.9 graphics configuration of TeX Live
)
Package graphics Info: Driver file: pdftex.def on input line 95.

(/usr/share/texlive/texmf-dist/tex/latex/pdftex-def/pdftex.def
File: pdftex.def 2011/05/27 v0.06d Graphics/color for pdfTeX
\Gread@gobject=\count101
))
\Gin@req@height=\dimen115
\Gin@req@width=\dimen116
)
(/usr/share/texlive/texmf-dist/tex/latex/csquotes/csquotes.sty
Package: csquotes 2016/01/31 v5.1g context-sensitive quotations (JAW)

(/usr/share/texlive/texmf-dist/tex/latex/etoolbox/etoolbox.sty
Package: etoolbox 2015/08/02 v2.2a e-TeX tools for LaTeX (JAW)
\etb@tempcnta=\count102
)
\csq@reset=\count103
\csq@gtype=\count104
\csq@glevel=\count105
\csq@qlevel=\count106
\csq@maxlvl=\count107
\csq@tshold=\count108
\csq@ltx@everypar=\toks16

(/usr/share/texlive/texmf-dist/tex/latex/csquotes/csquotes.def
File: csquotes.def 2016/01/31 v5.1g csquotes generic definitions (JAW)
)
Package csquotes Info: Trying to load configuration file 'csquotes.cfg'...
Package csquotes Info: ... configuration file loaded successfully.

(/usr/share/texlive/texmf-dist/tex/latex/csquotes/csquotes.cfg
File: csquotes.cfg 
)
Package csquotes Info: Enabling multilingual quotes.
Package csquotes Info: Redefining alias 'english' -> 'english/american'.
)
(/usr/share/texlive/texmf-dist/tex/latex/appendix/appendix.sty
Package: appendix 2009/09/02 v1.2b extra appendix facilities
\c@@pps=\count109
\c@@ppsavesec=\count110
\c@@ppsaveapp=\count111
)
Package csquotes Info: Checking for multilingual support...
Package csquotes Info: ... none found.


Package csquotes Warning: No multilingual support.
(csquotes)                Cannot enable multilingual quotes on input line 9.

(./labdesigner.aux

LaTeX Warning: Label `Notes' multiply defined.

)
\openout1 = `labdesigner.aux'.

LaTeX Font Info:    Checking defaults for OML/cmm/m/it on input line 9.
LaTeX Font Info:    ... okay on input line 9.
LaTeX Font Info:    Checking defaults for T1/cmr/m/n on input line 9.
LaTeX Font Info:    ... okay on input line 9.
LaTeX Font Info:    Checking defaults for OT1/cmr/m/n on input line 9.
LaTeX Font Info:    ... okay on input line 9.
LaTeX Font Info:    Checking defaults for OMS/cmsy/m/n on input line 9.
LaTeX Font Info:    ... okay on input line 9.
LaTeX Font Info:    Checking defaults for OMX/cmex/m/n on input line 9.
LaTeX Font Info:    ... okay on input line 9.
LaTeX Font Info:    Checking defaults for U/cmr/m/n on input line 9.
LaTeX Font Info:    ... okay on input line 9.
LaTeX Font Info:    Checking defaults for PD1/pdf/m/n on input line 9.
LaTeX Font Info:    ... okay on input line 9.

*geometry* driver: auto-detecting
*geometry* detected driver: pdftex
*geometry* verbose mode - [ preamble ] result:
* driver: pdftex
* paper: a4paper
* layout: <same size as paper>
* layoutoffset:(h,v)=(0.0pt,0.0pt)
* modes: 
* h-part:(L,W,R)=(56.9055pt, 483.69684pt, 56.90553pt)
* v-part:(T,H,B)=(56.9055pt, 731.23582pt, 56.90552pt)
* \paperwidth=597.50787pt
* \paperheight=845.04684pt
* \textwidth=483.69684pt
* \textheight=731.23582pt
* \oddsidemargin=-15.36449pt
* \evensidemargin=-15.36449pt
* \topmargin=-52.36449pt
* \headheight=12.0pt
* \headsep=25.0pt
* \topskip=12.0pt
* \footskip=30.0pt
* \marginparwidth=44.0pt
* \marginparsep=10.0pt
* \columnsep=10.0pt
* \skip\footins=10.8pt plus 4.0pt minus 2.0pt
* \hoffset=0.0pt
* \voffset=0.0pt
* \mag=1000
* \@twocolumnfalse
* \@twosidefalse
* \@mparswitchfalse
* \@reversemarginfalse
* (1in=72.27pt=25.4mm, 1cm=28.453pt)

\AtBeginShipoutBox=\box26
(/usr/share/texlive/texmf-dist/tex/latex/graphics/color.sty
Package: color 2016/01/03 v1.1b Standard LaTeX Color (DPC)

(/usr/share/texlive/texmf-dist/tex/latex/latexconfig/color.cfg
File: color.cfg 2007/01/18 v1.5 color configuration of teTeX/TeXLive
)
Package color Info: Driver file: pdftex.def on input line 143.
)
Package hyperref Info: Link coloring ON on input line 9.

(/usr/share/texlive/texmf-dist/tex/latex/hyperref/nameref.sty
Package: nameref 2012/10/27 v2.43 Cross-referencing by name of section

(/usr/share/texlive/texmf-dist/tex/generic/oberdiek/gettitlestring.sty
Package: gettitlestring 2010/12/03 v1.4 Cleanup title references (HO)
)
\c@section@level=\count112
)
LaTeX Info: Redefining \ref on input line 9.
LaTeX Info: Redefining \pageref on input line 9.
LaTeX Info: Redefining \nameref on input line 9.

(/usr/share/texlive/texmf-dist/tex/context/base/supp-pdf.mkii
[Loading MPS to PDF converter (version 2006.09.02).]
\scratchcounter=\count113
\scratchdimen=\dimen117
\scratchbox=\box27
\nofMPsegments=\count114
\nofMParguments=\count115
\everyMPshowfont=\toks17
\MPscratchCnt=\count116
\MPscratchDim=\dimen118
\MPnumerator=\count117
\makeMPintoPDFobject=\count118
\everyMPtoPDFconversion=\toks18
) (/usr/share/texlive/texmf-dist/tex/latex/oberdiek/epstopdf-base.sty
Package: epstopdf-base 2010/02/09 v2.5 Base part for package epstopdf

(/usr/share/texlive/texmf-dist/tex/latex/oberdiek/grfext.sty
Package: grfext 2010/08/19 v1.1 Manage graphics extensions (HO)
)
Package grfext Info: Graphics extension search list:
(grfext)             [.png,.pdf,.jpg,.mps,.jpeg,.jbig2,.jb2,.PNG,.PDF,.JPG,.JPE
G,.JBIG2,.JB2,.eps]
(grfext)             \AppendGraphicsExtensions on input line 452.

(/usr/share/texlive/texmf-dist/tex/latex/latexconfig/epstopdf-sys.cfg
File: epstopdf-sys.cfg 2010/07/13 v1.3 Configuration of (r)epstopdf for TeX Liv
e
))
LaTeX Font Info:    External font `cmex10' loaded for size
(Font)              <14.4> on input line 13.
LaTeX Font Info:    External font `cmex10' loaded for size
(Font)              <7> on input line 13.


LaTeX Warning: No \author given.

[1

{/var/lib/texmf/fonts/map/pdftex/updmap/pdftex.map}] (./labdesigner.toc
LaTeX Font Info:    External font `cmex10' loaded for size
(Font)              <12> on input line 2.
LaTeX Font Info:    External font `cmex10' loaded for size
(Font)              <8> on input line 2.
LaTeX Font Info:    External font `cmex10' loaded for size
(Font)              <6> on input line 2.
pdfTeX warning (ext4): destination with the same identifier (name{page.1}) has 
been already used, duplicate ignored
<to be read again> 
                   \relax 
l.46 ...tarting services}{29}{subsubsection.6.4.5}
                                                   [1])
\tf@toc=\write3
\openout3 = `labdesigner.toc'.

 [2]
<dmz-lab.jpg, id=187, 563.85657pt x 679.78969pt>
File: dmz-lab.jpg Graphic file (type jpg)
 <use dmz-lab.jpg>
Package pdftex.def Info: dmz-lab.jpg used on input line 70.
(pdftex.def)             Requested size: 193.47577pt x 233.25185pt.
LaTeX Font Info:    Try loading font information for OMS+cmr on input line 87.

(/usr/share/texlive/texmf-dist/tex/latex/base/omscmr.fd
File: omscmr.fd 2014/09/29 v2.5h Standard LaTeX font definitions
)
LaTeX Font Info:    Font shape `OMS/cmr/m/n' in size <12> not available
(Font)              Font shape `OMS/cmsy/m/n' tried instead on input line 87.
 [3]
LaTeX Font Info:    External font `cmex10' loaded for size
(Font)              <5> on input line 105.

Overfull \hbox (20.35292pt too wide) in paragraph at lines 103--108
\OT1/cmr/m/n/12 files by go-ing to your lab-tain-ers di-rec-tory, e.g., \OT1/cm
tt/m/n/12 ~/labtainers/ \OT1/cmr/m/n/12 and run-ning \OT1/cmtt/m/n/12 ./update-
designer.sh
 []

[4 <./dmz-lab.jpg>] [5] [6] [7] [8]
Overfull \hbox (4.55023pt too wide) in paragraph at lines 384--386
\OT1/cmr/m/n/12 Refer to the Dock-er-files in \OT1/cmtt/m/n/12 $LABTAINER[]DIR/
scripts/designer/base[]dockerfiles \OT1/cmr/m/n/12 to see which
 []


Overfull \hbox (28.34538pt too wide) in paragraph at lines 416--418
\OT1/cmr/m/n/12 stu-dent ar-ti-facts. These are then avail-able to the in-struc
-tor in the lab-tainer[]xfer/[lab]/docs
 []

[9]
Overfull \hbox (12.88086pt too wide) in paragraph at lines 439--440
[]\OT1/cmr/m/n/12 IP[]RANGE [range] -- Op-tional, al-lo-cates an ip range to th
e net-work, e.g., 192.168.1.4/30 
 []


Overfull \hbox (13.02113pt too wide) in paragraph at lines 442--445
\OT1/cmr/m/n/12 lab. De-fault val-ues for con-tainer sec-tions are au-to-mat-i-
cally cre-ated by the \OT1/cmtt/m/n/12 new[]lab[]setup.py
 []

[10] [11] [12] [13]
Overfull \hbox (33.21945pt too wide) in paragraph at lines 665--672
\OT1/cmr/m/n/12 The ini-tial en-vi-ron-ment en-coun-tered by the stu-dent is fu
r-ther re-fined us-ing the op-tional []bin/fixlocal.sh
 []

[14]
Overfull \hbox (16.47841pt too wide) in paragraph at lines 798--798
[]     \OT1/cmtt/m/n/12 (all one line) will randomly replace the token string "
BUFFER_SIZE" found in[] 
 []


Overfull \hbox (22.65341pt too wide) in paragraph at lines 798--798
[]     \OT1/cmtt/m/n/12 file stack.c on the mylab.client.student container with
 a number ranging from[] 
 []


Overfull \hbox (4.1284pt too wide) in paragraph at lines 798--798
[]   \OT1/cmtt/m/n/12 Identical to RAND_REPLACE, except randomly selected value
s are never resused[] 
 []

[15]
Overfull \hbox (35.00342pt too wide) in paragraph at lines 798--798
[]   \OT1/cmtt/m/n/12 addresses, e.g., 198.18.1.WEB_IP.  It is suggested that r
andom ranges be selected[] 
 []


Overfull \hbox (4.1284pt too wide) in paragraph at lines 798--798
[]            \OT1/cmtt/m/n/12 <string> -   the input to a MD5 hash operation (
after concatenation[] 
 []


Overfull \hbox (22.65341pt too wide) in paragraph at lines 798--798
[]            \OT1/cmtt/m/n/12 <string> - a string contatenated with the lab in
stance seed and hashed[] 
 []


Overfull \hbox (41.17842pt too wide) in paragraph at lines 798--798
[]     \OT1/cmtt/m/n/12 The string "ROOT_SECRET" in file /root/.secret will be 
replaced with an MD5 hash[] 
 []


Overfull \hbox (47.35342pt too wide) in paragraph at lines 798--798
[]   \OT1/cmtt/m/n/12 Replace a symbol with the clone instance number of a cont
ainer per the CLONE option[] 
 []

[16] [17] [18] [19] [20]
Overfull \hbox (46.5701pt too wide) in paragraph at lines 1026--1036
\OT1/cmr/m/n/12 The std-out of any such pro-gram will be writ-ten to a times-ta
mped file named \OT1/cmtt/m/n/12 prestop.stdout.timestamp
 []

[21]
Overfull \hbox (22.65341pt too wide) in paragraph at lines 1200--1200
[]            \OT1/cmtt/m/n/12 result -- The symbolic name of the result, which
 will be referenced in[] 
 []


Overfull \hbox (22.65341pt too wide) in paragraph at lines 1200--1200
[]            \OT1/cmtt/m/n/12 file_id -- Identifies a single file, or the set 
of files to be parsed.[] 
 []


Overfull \hbox (16.47841pt too wide) in paragraph at lines 1200--1200
[]                   \OT1/cmtt/m/n/12 where <prog> is a program or utility name
 whose stdin, stdout,[] 
 []


Overfull \hbox (10.3034pt too wide) in paragraph at lines 1200--1200
[]                   \OT1/cmtt/m/n/12 or program output (prgout) artifacts will
 include timestamps.[] 
 []


Overfull \hbox (4.1284pt too wide) in paragraph at lines 1200--1200
[]                   \OT1/cmtt/m/n/12 The optional container_name identifies th
e container hosting[] 
 []


Overfull \hbox (28.82841pt too wide) in paragraph at lines 1200--1200
[]                   \OT1/cmtt/m/n/12 the file.  Labs with a single container c
an omit this qualifier.[] 
 []


Overfull \hbox (4.1284pt too wide) in paragraph at lines 1200--1200
[]                   \OT1/cmtt/m/n/12 file_path is intended for log files of se
rvices that persist[] 
 []


Overfull \hbox (10.3034pt too wide) in paragraph at lines 1200--1200
[]                   \OT1/cmtt/m/n/12 across multiple student operations.  If t
he given path is not[] 
 []


Overfull \hbox (28.82841pt too wide) in paragraph at lines 1200--1200
[]                   \OT1/cmtt/m/n/12 absolute, it is relative to the container
 user's home directory.[] 
 []


Overfull \hbox (28.82841pt too wide) in paragraph at lines 1200--1200
[]                   \OT1/cmtt/m/n/12 i.e., *.stdin is for all stdin artifacts 
and *.stdout is for all[] 
 []


Overfull \hbox (10.3034pt too wide) in paragraph at lines 1200--1200
[]            \OT1/cmtt/m/n/12 field_type - Optional, defaults to "TOKEN", poss
ible values include:[] 
 []


Overfull \hbox (10.3034pt too wide) in paragraph at lines 1200--1200
[]               \OT1/cmtt/m/n/12 LINE_COUNT -- The quantity of lines in the fi
le. Remaining fields[] 
 []

[22]
Overfull \hbox (41.17842pt too wide) in paragraph at lines 1200--1200
[]                             \OT1/cmtt/m/n/12 contains the regular expression
 represented in field_id.[] 
 []


Overfull \hbox (35.00342pt too wide) in paragraph at lines 1200--1200
[]                             \OT1/cmtt/m/n/12 The python findall function is 
used on the entire file.[] 
 []


Overfull \hbox (47.35342pt too wide) in paragraph at lines 1200--1200
[]                             \OT1/cmtt/m/n/12 See the acl lab for an example 
of multi-line expressions.[] 
 []


Overfull \hbox (4.1284pt too wide) in paragraph at lines 1200--1200
[]               \OT1/cmtt/m/n/12 LOG_TS     -- Used with timestamped log files
, this results in a[] 
 []


Overfull \hbox (4.1284pt too wide) in paragraph at lines 1200--1200
[]                             \OT1/cmtt/m/n/12 of TRUE for each log line that 
contains the string[] 
 []


Overfull \hbox (16.47841pt too wide) in paragraph at lines 1200--1200
[]                             \OT1/cmtt/m/n/12 the occurances of the command g
iven in the field_id.[] 
 []


Overfull \hbox (47.35342pt too wide) in paragraph at lines 1200--1200
[]                             \OT1/cmtt/m/n/12 Commands are evaluatd consideri
ng use of sudo, time, etc.[] 
 []


Overfull \hbox (22.65341pt too wide) in paragraph at lines 1200--1200
[]                             \OT1/cmtt/m/n/12 defined by the given field_id, 
which is treated as an[] 
 []


Overfull \hbox (16.47841pt too wide) in paragraph at lines 1200--1200
[]                             \OT1/cmtt/m/n/12 expression having the syntax of
 pythons parse.search[] 
 []


Overfull \hbox (4.1284pt too wide) in paragraph at lines 1200--1200
[]                             \OT1/cmtt/m/n/12 number named by the field_id.  
Regular expressions[] 
 []


Overfull \hbox (16.47841pt too wide) in paragraph at lines 1200--1200
[]               \OT1/cmtt/m/n/12 TIME_DELIM -- The timestamps of the named fil
es are used to create[] 
 []


Overfull \hbox (4.1284pt too wide) in paragraph at lines 1200--1200
[]                             \OT1/cmtt/m/n/12 a set of time ranges, e.g., for
 use in time_during[] 
 []


Overfull \hbox (28.82841pt too wide) in paragraph at lines 1200--1200
[]            \OT1/cmtt/m/n/12 field_id -- An integer identifying the nth occur
ance of the field type.[] 
 []


Overfull \hbox (4.1284pt too wide) in paragraph at lines 1200--1200
[]                        \OT1/cmtt/m/n/12 Alternately may be "LAST" for the la
st occurance of the[] 
 []


Overfull \hbox (22.65341pt too wide) in paragraph at lines 1200--1200
[]                        \OT1/cmtt/m/n/12 field type, or "ALL" for the entire 
line (which causes the[] 
 []


Overfull \hbox (28.82841pt too wide) in paragraph at lines 1200--1200
[]                        \OT1/cmtt/m/n/12 field type to be ignored).  Or if fi
eld_type is SEARCH, the[] 
 []


Overfull \hbox (10.3034pt too wide) in paragraph at lines 1200--1200
[]                        \OT1/cmtt/m/n/12 searched for.  If field_type is "PAR
AM", the field_id is[] 
 []


Overfull \hbox (4.1284pt too wide) in paragraph at lines 1200--1200
[]                        \OT1/cmtt/m/n/12 the 1-based index of the parameter w
hose value is to be[] 
 []

[23]
Overfull \hbox (10.3034pt too wide) in paragraph at lines 1200--1200
[]                        \OT1/cmtt/m/n/12 If field_type is "CHECKSUM", no othe
r field is required.[] 
 []


Overfull \hbox (35.00342pt too wide) in paragraph at lines 1200--1200
[]            \OT1/cmtt/m/n/12 line_type - Identifies how the line is to be ide
ntified, values include:[] 
 []


Overfull \hbox (4.1284pt too wide) in paragraph at lines 1200--1200
[]                                   \OT1/cmtt/m/n/12 lines is discouraged sinc
e minor lab changes[] 
 []


Overfull \hbox (4.1284pt too wide) in paragraph at lines 1200--1200
[]                                   \OT1/cmtt/m/n/12 first occurrence of a lin
e that contains the[] 
 []


Overfull \hbox (53.52843pt too wide) in paragraph at lines 1200--1200
[]                \OT1/cmtt/m/n/12 REGEX           -- The line_id is a regular 
expression.  This names the[] 
 []


Overfull \hbox (47.35342pt too wide) in paragraph at lines 1200--1200
[]                                   \OT1/cmtt/m/n/12 first occurrence of a lin
e that matches the regular[] 
 []


Overfull \hbox (10.3034pt too wide) in paragraph at lines 1200--1200
[]                                   \OT1/cmtt/m/n/12 expression.  Also see the
 "GROUP" field_type.[] 
 []


Overfull \hbox (16.47841pt too wide) in paragraph at lines 1200--1200
[]                                   \OT1/cmtt/m/n/12 line preceeding the first
 occurrence of a line[] 
 []


Overfull \hbox (16.47841pt too wide) in paragraph at lines 1200--1200
[]                                   \OT1/cmtt/m/n/12 stdin file.  See the snor
t lab for an example.[] 
 []


Overfull \hbox (47.35342pt too wide) in paragraph at lines 1200--1200
[]                \OT1/cmtt/m/n/12 REGEX_TS        -- Similar to HAVESTRING_TS,
 but with REGEX semantics,[] 
 []


Overfull \hbox (22.65341pt too wide) in paragraph at lines 1200--1200
[]                                   \OT1/cmtt/m/n/12 including optional use of
 the GROUP field_type.[] 
 []


Overfull \hbox (16.47841pt too wide) in paragraph at lines 1200--1200
[]            \OT1/cmtt/m/n/12 line_id - See line_type above.  String values, e
.g., for "STARTSWITH"[] 
 []

[24]
Overfull \hbox (28.82841pt too wide) in paragraph at lines 1385--1385
[]\OT1/cmtt/m/n/12 <goal_id> = <type> : [<operator> : <resulttag> : <answertag>
 | <boolean_expression>[] 
 []

[25]
Overfull \hbox (4.1284pt too wide) in paragraph at lines 1385--1385
[]                         \OT1/cmtt/m/n/12 consisting of goal_id's and boolean
 operators, ("and",[] 
 []


Overfull \hbox (4.1284pt too wide) in paragraph at lines 1385--1385
[]                         \OT1/cmtt/m/n/12 "or", "and_not", "or_not", and "not
"), and parenthisis[] 
 []


Overfull \hbox (22.65341pt too wide) in paragraph at lines 1385--1385
[]                         \OT1/cmtt/m/n/12 for precedence.  The goal_id's must
 be from goals defined[] 
 []


Overfull \hbox (10.3034pt too wide) in paragraph at lines 1385--1385
[]                         \OT1/cmtt/m/n/12 TRUE if the boolen expression evalu
ates to TRUE for any[] 
 []


Overfull \hbox (16.47841pt too wide) in paragraph at lines 1385--1385
[]                         \OT1/cmtt/m/n/12 of the timestamped sets of goal_ids
, (see the 'matchany'[] 
 []


Overfull \hbox (10.3034pt too wide) in paragraph at lines 1385--1385
[]                         \OT1/cmtt/m/n/12 goal2 instance is TRUE, and at leas
t one goal1 instance[] 
 []


Overfull \hbox (4.1284pt too wide) in paragraph at lines 1385--1385
[]                         \OT1/cmtt/m/n/12 always created for each goal2.  Eac
h such goal is True[] 
 []


Overfull \hbox (16.47841pt too wide) in paragraph at lines 1385--1385
[]                         \OT1/cmtt/m/n/12 unless one or more goal1 times occu
r within a True goal2[] 
 []


Overfull \hbox (10.3034pt too wide) in paragraph at lines 1385--1385
[]                         \OT1/cmtt/m/n/12 execute, with the resulttag and ans
wertag passed to the[] 
 []

[26]
Overfull \hbox (10.3034pt too wide) in paragraph at lines 1385--1385
[]                         \OT1/cmtt/m/n/12 one of the symbolic names defined i
n the results.config[] 
 []


Overfull \hbox (16.47841pt too wide) in paragraph at lines 1385--1385
[]                         \OT1/cmtt/m/n/12 value or the symbolic name in the p
arameters.config file[] 
 []


Overfull \hbox (10.3034pt too wide) in paragraph at lines 1385--1385
[]         \OT1/cmtt/m/n/12 value       - The goal value is assigned the given 
resulttag value from[] 
 []


Overfull \hbox (47.35342pt too wide) in paragraph at lines 1385--1385
[]                         \OT1/cmtt/m/n/12 the most recent timestamped file th
at contains the resulttag.[] 
 []


Overfull \hbox (10.3034pt too wide) in paragraph at lines 1385--1385
[]   \OT1/cmtt/m/n/12 <executable_file> - If the type is 'execute' then <operat
or> is a filename of[] 
 []


Overfull \hbox (16.47841pt too wide) in paragraph at lines 1385--1385
[]                \OT1/cmtt/m/n/12 may be an arithmetic expression within paren
theses.  For example,[] 
 []

[27]
Overfull \hbox (22.65341pt too wide) in paragraph at lines 1385--1385
[]                                       \OT1/cmtt/m/n/12 (leading with 0x), in
terpretation depending[] 
 []


Overfull \hbox (22.65341pt too wide) in paragraph at lines 1385--1385
[]                \OT1/cmtt/m/n/12 parameter_ascii.<symbol> -- same as above, b
ut the value parsed as[] 
 []


Overfull \hbox (35.00342pt too wide) in paragraph at lines 1385--1385
[]                                       \OT1/cmtt/m/n/12 an integer or hexidec
imal and converted to an[] 
 []


Overfull \hbox (12.55444pt too wide) in paragraph at lines 1390--1398
\OT1/cmr/m/n/12 Evaluation of stu-dent re-sults oc-curs on an in-struc-tor con-
tainer, via a script named \OT1/cmtt/m/n/12 instructor.py\OT1/cmr/m/n/12 ,
 []

[28]
Overfull \hbox (16.47841pt too wide) in paragraph at lines 1458--1458
[]\OT1/cmtt/m/n/12 modify_value = matchany : string_diff : newsecret1value : re
sult.origsecret1value[] 
 []

[29]
Overfull \hbox (47.35342pt too wide) in paragraph at lines 1540--1540
[]   \OT1/cmtt/m/n/12 web_log = vuln-site:/var/www/csrflabelgg.com:httpd.servic
e : CONTAINS : GET / HTTP/[] 
 []

[30]
Overfull \hbox (16.47841pt too wide) in paragraph at lines 1557--1557
[]   \OT1/cmtt/m/n/12 syslog_slices = /var/log/messages : LOG_RANGE : Started S
ystem Logging Service[] 
 []


Overfull \hbox (5.66667pt too wide) in paragraph at lines 1570--1576
[]\OT1/cmr/m/n/12 When the \OT1/cmtt/m/n/12 gradelab \OT1/cmr/m/n/12 script is 
run from labtainers-instructor, the con-fig-u-ra-tion files in labs/[lab
 []

[31] [32] <ExternalNetworks.jpg, id=423, 441.14813pt x 555.33789pt>
File: ExternalNetworks.jpg Graphic file (type jpg)

<use ExternalNetworks.jpg>
Package pdftex.def Info: ExternalNetworks.jpg used on input line 1665.
(pdftex.def)             Requested size: 193.47577pt x 243.55289pt.

Overfull \hbox (0.51527pt too wide) in paragraph at lines 1682--1688
\OT1/cmr/m/n/12 ISTRY[]ID'' value in the start.config file for the lab(s). You 
would then use the dis-trib/publish.py
 []

[33 <./ExternalNetworks.jpg>] [34]
Overfull \hbox (51.57909pt too wide) in paragraph at lines 1773--1778
\OT1/cmr/m/n/12 tainer is first run. See the base-line Lab-tainer Dock-er-files
 in \OT1/cmtt/m/n/12 trunk/scripts/designer/base[]dockerfiles
 []

[35] <multiuser-multilabtainers.jpg, id=443, 538.26094pt x 541.64464pt>
File: multiuser-multilabtainers.jpg Graphic file (type jpg)

<use multiuser-multilabtainers.jpg>
Package pdftex.def Info: multiuser-multilabtainers.jpg used on input line 1850.

(pdftex.def)             Requested size: 193.47577pt x 194.69438pt.

<multiuser-onelabtainer.jpg, id=444, 542.025pt x 535.55873pt>
File: multiuser-onelabtainer.jpg Graphic file (type jpg)

<use multiuser-onelabtainer.jpg>
Package pdftex.def Info: multiuser-onelabtainer.jpg used on input line 1857.
(pdftex.def)             Requested size: 193.47577pt x 191.1666pt.
 [36] [37 <./multiuser-multilabtainers.jpg> <./multiuser-onelabtainer.jpg>]
Overfull \hbox (34.51065pt too wide) in paragraph at lines 1930--1934
[]\OT1/cmr/m/n/12 Within the \OT1/cmtt/m/n/12 start.config \OT1/cmr/m/n/12 file
, iden-tify this sub-net as ei-ther a MACVLAN or a MACVLAN[]EXT.
 []

[38] [39] [40]
Overfull \hbox (8.84981pt too wide) in paragraph at lines 2103--2105
\OT1/cmr/m/n/12 Install bind9 in Dock-er-file. Add zone files to /etc/bind and 
db files to ../[]system/var/cache/bind/.
 []

[41] [42] [43]

Package hyperref Warning: Token not allowed in a PDF string (PDFDocEncoding):
(hyperref)                removing `\\' on input line 2176.


Overfull \hbox (21.1056pt too wide) in paragraph at lines 2213--2216
\OT1/cmtt/m/n/12 info / linux / linux _ show _ keycode _ keysym . html$[][] \OT
1/cmr/m/n/12 and [][]$\OT1/cmtt/m/n/12 https : / / www . in-[]ulm . de / []masc
heck /
 []

[44]
Package atveryend Info: Empty hook `BeforeClearDocument' on input line 2265.
 [45]
Package atveryend Info: Empty hook `AfterLastShipout' on input line 2265.
 (./labdesigner.aux)
Package atveryend Info: Executing hook `AtVeryEndDocument' on input line 2265.
Package atveryend Info: Empty hook `AtEndAfterFileList' on input line 2265.


LaTeX Warning: There were multiply-defined labels.

Package atveryend Info: Empty hook `AtVeryVeryEnd' on input line 2265.
 ) 
Here is how much of TeX's memory you used:
 7046 strings out of 494953
 103462 string characters out of 6180977
 211360 words of memory out of 5000000
 10114 multiletter control sequences out of 15000+600000
 9838 words of font info for 35 fonts, out of 8000000 for 9000
 14 hyphenation exceptions out of 8191
 29i,8n,30p,933b,550s stack positions out of 5000i,500n,10000p,200000b,80000s
</usr/share/texlive/texmf-dist/fonts/type1/public/amsfonts/cm/cmbx12.pfb></us
r/share/texlive/texmf-dist/fonts/type1/public/amsfonts/cm/cmmi12.pfb></usr/shar
e/texlive/texmf-dist/fonts/type1/public/amsfonts/cm/cmr10.pfb></usr/share/texli
ve/texmf-dist/fonts/type1/public/amsfonts/cm/cmr12.pfb></usr/share/texlive/texm
f-dist/fonts/type1/public/amsfonts/cm/cmr17.pfb></usr/share/texlive/texmf-dist/
fonts/type1/public/amsfonts/cm/cmr7.pfb></usr/share/texlive/texmf-dist/fonts/ty
pe1/public/amsfonts/cm/cmr8.pfb></usr/share/texlive/texmf-dist/fonts/type1/publ
ic/amsfonts/cm/cmsy10.pfb></usr/share/texlive/texmf-dist/fonts/type1/public/ams
fonts/cm/cmti10.pfb></usr/share/texlive/texmf-dist/fonts/type1/public/amsfonts/
cm/cmti12.pfb></usr/share/texlive/texmf-dist/fonts/type1/public/amsfonts/cm/cmt
t10.pfb></usr/share/texlive/texmf-dist/fonts/type1/public/amsfonts/cm/cmtt12.pf
b>
Output written on labdesigner.pdf (46 pages, 462596 bytes).
PDF statistics:
 836 PDF objects out of 1000 (max. 8388607)
 764 compressed objects within 8 object streams
 167 named destinations out of 1000 (max. 500000)
 685 words of extra memory for PDF output out of 10000 (max. 10000000)

